Performing C SOURCE FILE Test CMAKE_HAVE_LIBC_PTHREAD failed with the following output:
Change Dir: /content/cvd2/lib/build/CMakeFiles/CMakeTmp

Run Build Command(s):/usr/bin/make -f Makefile cmTC_92fc6/fast && /usr/bin/make  -f CMakeFiles/cmTC_92fc6.dir/build.make CMakeFiles/cmTC_92fc6.dir/build
make[1]: Entering directory '/content/cvd2/lib/build/CMakeFiles/CMakeTmp'
Building C object CMakeFiles/cmTC_92fc6.dir/src.c.o
/usr/bin/cc -DCMAKE_HAVE_LIBC_PTHREAD  -fPIE -o CMakeFiles/cmTC_92fc6.dir/src.c.o -c /content/cvd2/lib/build/CMakeFiles/CMakeTmp/src.c
Linking C executable cmTC_92fc6
/usr/local/lib/python3.8/dist-packages/cmake/data/bin/cmake -E cmake_link_script CMakeFiles/cmTC_92fc6.dir/link.txt --verbose=1
/usr/bin/cc -rdynamic CMakeFiles/cmTC_92fc6.dir/src.c.o -o cmTC_92fc6 
CMakeFiles/cmTC_92fc6.dir/src.c.o: In function `main':
src.c:(.text+0x3e): undefined reference to `pthread_create'
src.c:(.text+0x4a): undefined reference to `pthread_detach'
src.c:(.text+0x56): undefined reference to `pthread_cancel'
src.c:(.text+0x67): undefined reference to `pthread_join'
src.c:(.text+0x7b): undefined reference to `pthread_atfork'
collect2: error: ld returned 1 exit status
CMakeFiles/cmTC_92fc6.dir/build.make:98: recipe for target 'cmTC_92fc6' failed
make[1]: *** [cmTC_92fc6] Error 1
make[1]: Leaving directory '/content/cvd2/lib/build/CMakeFiles/CMakeTmp'
Makefile:127: recipe for target 'cmTC_92fc6/fast' failed
make: *** [cmTC_92fc6/fast] Error 2


Source file was:
#include <pthread.h>

static void* test_func(void* data)
{
  return data;
}

int main(void)
{
  pthread_t thread;
  pthread_create(&thread, NULL, test_func, NULL);
  pthread_detach(thread);
  pthread_cancel(thread);
  pthread_join(thread, NULL);
  pthread_atfork(NULL, NULL, NULL);
  pthread_exit(NULL);

  return 0;
}

Determining if the function pthread_create exists in the pthreads failed with the following output:
Change Dir: /content/cvd2/lib/build/CMakeFiles/CMakeTmp

Run Build Command(s):/usr/bin/make -f Makefile cmTC_ed9ab/fast && /usr/bin/make  -f CMakeFiles/cmTC_ed9ab.dir/build.make CMakeFiles/cmTC_ed9ab.dir/build
make[1]: Entering directory '/content/cvd2/lib/build/CMakeFiles/CMakeTmp'
Building C object CMakeFiles/cmTC_ed9ab.dir/CheckFunctionExists.c.o
/usr/bin/cc   -DCHECK_FUNCTION_EXISTS=pthread_create -fPIE -o CMakeFiles/cmTC_ed9ab.dir/CheckFunctionExists.c.o -c /usr/local/lib/python3.8/dist-packages/cmake/data/share/cmake-3.22/Modules/CheckFunctionExists.c
Linking C executable cmTC_ed9ab
/usr/local/lib/python3.8/dist-packages/cmake/data/bin/cmake -E cmake_link_script CMakeFiles/cmTC_ed9ab.dir/link.txt --verbose=1
/usr/bin/cc  -DCHECK_FUNCTION_EXISTS=pthread_create -rdynamic CMakeFiles/cmTC_ed9ab.dir/CheckFunctionExists.c.o -o cmTC_ed9ab  -lpthreads 
/usr/bin/ld: cannot find -lpthreads
collect2: error: ld returned 1 exit status
CMakeFiles/cmTC_ed9ab.dir/build.make:98: recipe for target 'cmTC_ed9ab' failed
make[1]: *** [cmTC_ed9ab] Error 1
make[1]: Leaving directory '/content/cvd2/lib/build/CMakeFiles/CMakeTmp'
Makefile:127: recipe for target 'cmTC_ed9ab/fast' failed
make: *** [cmTC_ed9ab/fast] Error 2



